#
#This file auto-generated by PCGen. Manual editing not recommended.
#Ensure PCGen is not running before editing. Make backups as errors may result in data loss.
#
SOURCELONG:Custom	SOURCESHORT:Custom
CLASS:Copy of Bard	PREALIGN:NG,TN,NE,CG,CN,CE	ABB:Brd	CSKILL:Appraise|Balance|Bluff|Climb|Concentration|Craft (Alchemy)|Craft (Armorsmithing)|Craft (Blacksmithing)|Craft (Bowmaking)|Craft (Carpentry)|Craft (Dreamweaving)|Craft (Gemcutting)|Craft (Leatherworking)|Craft (Metalworking)|Craft (Painting)|Craft (Pottery)|Craft (Sculpting)|Craft (Shipmaking)|Craft (Stonemasonry)|Craft (Stoneworking)|Craft (Trapmaking)|Craft (Untrained)|Craft (Weaponsmithing)|Craft (Woodworking)|Decipher Script|Diplomacy|Disguise|Escape Artist|Gather Information|Hide|Jump|Knowledge (Arcana)|Knowledge (Architecture and Engineering)|Knowledge (Dungeoneering)|Knowledge (Geography)|Knowledge (History)|Knowledge (Local)|Knowledge (Nature)|Knowledge (Nobility and Royalty)|Knowledge (Psionics)|Knowledge (Religion)|Knowledge (The Planes)|Listen|Move Silently|Perform (Act)|Perform (Comedy)|Perform (Dance)|Perform (Keyboard Instruments)|Perform (Oratory)|Perform (Percussion Instruments)|Perform (Sing)|Perform (String Instruments)|Perform (Wind Instruments)|Profession (Bookkeeper)|Profession (Hunter)|Profession (Miner)|Profession (Siege Engineer)|Sense Motive|Sleight of Hand|Speak Language|Spellcraft|Swim|Tumble|Use Magic Device	HD:6	KEY:Copy of Bard	MAXLEVEL:NOLIMIT	MEMORIZE:NO	MODTOSKILLS:YES	NAMEISPI:NO	OUTPUTNAME:Copy of Bard	PREALIGN:NG,TN,NE,CG,CN,CE	SOURCELONG:Revised (v.3.5) System Reference Document	SOURCEPAGE:ClassesI.rtf	SOURCESHORT:RSRD	SOURCEWEB:http://www.wizards.com/default.asp?x=d20/article/srd35	SPELLBOOK:NO	SPELLLIST:1|Bard	SPELLSTAT:CHA	SPELLTYPE:Arcane	STARTSKILLPTS:6	TYPE:Base.PC.Custom	VISIBLE:YES
0	BONUS:CASTERLEVEL|BARD|CL	BONUS:CHECKS|BASE.Fortitude|CL/3	BONUS:CHECKS|BASE.Reflex,BASE.Will|CL/2+2	BONUS:COMBAT|BAB|CL*3/4|TYPE=BASE.REPLACE
1	BONUS:VAR|BARDICKNOWLEDGELVL|CL	BONUS:VAR|BARDICKNOWLEDGE|BARDICKNOWLEDGELVL	BONUS:VAR|BARDICMUSICLVL|CL	BONUS:VAR|BARDICMUSICTIMES|CL	BONUS:VAR|INSPIREDURATIONBASE|5	CAST:2	KNOWN:4
2	CAST:3,0	KNOWN:5,2
3	CAST:3,1	KNOWN:6,3
4	CAST:3,2,0	KNOWN:6,3,2
5	CAST:3,3,1	KNOWN:6,4,3
6	CAST:3,3,2	KNOWN:6,4,3
7	CAST:3,3,2,0	KNOWN:6,4,4,2
8	CAST:3,3,3,1	KNOWN:6,4,4,3
9	CAST:3,3,3,2	KNOWN:6,4,4,3
10	CAST:3,3,3,2,0	KNOWN:6,4,4,4,2
11	CAST:3,3,3,3,1	KNOWN:6,4,4,4,3
12	CAST:3,3,3,3,2	KNOWN:6,4,4,4,3
13	CAST:3,3,3,3,2,0	KNOWN:6,4,4,4,4,2
14	CAST:4,3,3,3,3,1	KNOWN:6,4,4,4,4,3
15	CAST:4,4,3,3,3,2	KNOWN:6,4,4,4,4,3
16	CAST:4,4,4,3,3,2,0	KNOWN:6,5,4,4,4,4,2
17	CAST:4,4,4,4,3,3,1	KNOWN:6,5,5,4,4,4,3
18	CAST:4,4,4,4,4,3,2	KNOWN:6,5,5,5,4,4,3
19	CAST:4,4,4,4,4,4,3	KNOWN:6,5,5,5,5,4,4
20	CAST:4,4,4,4,4,4,4	KNOWN:6,5,5,5,5,5,4
23	BONUS:ABILITYPOOL|EPIC BARD FEAT|1
26	BONUS:ABILITYPOOL|EPIC BARD FEAT|1
29	BONUS:ABILITYPOOL|EPIC BARD FEAT|1
32	BONUS:ABILITYPOOL|EPIC BARD FEAT|1
35	BONUS:ABILITYPOOL|EPIC BARD FEAT|1
38	BONUS:ABILITYPOOL|EPIC BARD FEAT|1
41	BONUS:ABILITYPOOL|EPIC BARD FEAT|1
44	BONUS:ABILITYPOOL|EPIC BARD FEAT|1
47	BONUS:ABILITYPOOL|EPIC BARD FEAT|1
50	BONUS:ABILITYPOOL|EPIC BARD FEAT|1
53	BONUS:ABILITYPOOL|EPIC BARD FEAT|1
56	BONUS:ABILITYPOOL|EPIC BARD FEAT|1
59	BONUS:ABILITYPOOL|EPIC BARD FEAT|1
62	BONUS:ABILITYPOOL|EPIC BARD FEAT|1
65	BONUS:ABILITYPOOL|EPIC BARD FEAT|1
68	BONUS:ABILITYPOOL|EPIC BARD FEAT|1
71	BONUS:ABILITYPOOL|EPIC BARD FEAT|1
74	BONUS:ABILITYPOOL|EPIC BARD FEAT|1
77	BONUS:ABILITYPOOL|EPIC BARD FEAT|1
80	BONUS:ABILITYPOOL|EPIC BARD FEAT|1
83	BONUS:ABILITYPOOL|EPIC BARD FEAT|1
86	BONUS:ABILITYPOOL|EPIC BARD FEAT|1
89	BONUS:ABILITYPOOL|EPIC BARD FEAT|1
92	BONUS:ABILITYPOOL|EPIC BARD FEAT|1
95	BONUS:ABILITYPOOL|EPIC BARD FEAT|1
98	BONUS:ABILITYPOOL|EPIC BARD FEAT|1
