# CVS $Revision: 2184 $ $Author: tir-gwaith $ -- Thu Feb 22 13:04:59 2007 -- reformated by prettylst.pl v1.36 (build 2045)
SOURCELONG:My Campaign	SOURCESHORT:My	SOURCEWEB:http://www.mywebsite.com

#insert your data here

#Every line that starts with a '#' is a comment. You may want to remove these comments, if you use this file to set up
#your own data. Remember not to put the '#' at the start of your own data, as PCGen would see it as a comment only.
#
#When Running PCGen, you can select "Help > Documentation > List Files > List File Tag Index > Spell File tags" to find
#out how the tags in the spells file work. Some of the tags used here are global tags. You will see an alphabetical
#listing of all PCGen tags to the left of the documentation window. You can find the global tags there as well.
#
#To learn the basics of coding a spell, you can also visit "Help > Documentation > List Files > LST File Class > Lesson 7"
#
#
#####Example

#Teleport		CLASSES:Sorcerer,Wizard=5		DOMAINS:Travel=5		SCHOOL:Conjuration	SUBSCHOOL:Teleportation		TYPE:Arcane.Divine	COMPS:V		CASTTIME:1 standard action		RANGE:Personal and touch	TARGETAREA:You and touched objects or other touched willing creatures		DURATION:Instantaneous		SAVEINFO:None and Will negates (object)		SPELLRES:No and Yes (object)		DESC:Instantly transports you as far as (CASTERLEVEL*100) miles.		SOURCEPAGE:SpellsT-Z.rtf	ITEM:Potion

#####
#Teleport is the name of the spell. It will appear in the spells list on PCGen's Spells tab and will be used if a spell is
#added by use of the SPELLS tag. Every spell must have a name.
#
#The CLASSES tag indicates that this spell is the indicated level for the named class. It will appear in most spells, unless
#the spell is for some reason not associated with a class.
#
#The DOMAINS tag indicates that this spell is the indicated level for the named domain. It is only used with spells that
#belong to a domain.
#
#The SCHOOL tag lists the Schools the spell belongs to and is used for specialist wizards to determine their favored schools
#bonus spells. It should be used if the spell belongs to a school (which almost always is the case).
#
#The SUBSCHOOL tag lists the Sub-Schools the spell belongs to and is also used for specialist wizards to determine their
#favored schools bonus spells. You can usually find it in the books in parentheses after the School. If it exists, it should
#be used.
#
#The TYPE tag indicates what "types" are associated with the spell. Every spell should have it.
#
#COMPS, CASTTIME, RANGE, TARGETAREA, DURATION, SAVEINFO, SPELLRES, and DESC are the tags that actually describe the spell.
#Most if not all of them will be used in every spell.
#
#The SOURCEPAGE tag can be used to hold a reference to where you can find the spell. This will be displayed in PCGen and on
#the output sheet.
#
#The ITEM tag tells PCGen what types of items this spell can be used to make (Potions, wands, wondrous items, etc).

### Descriptions
# 0-Level Druid Spells
Dawn	CLASSES:Druid=0|Ranger=1	SCHOOL:Abjuration	TYPE:Divine	COMPS:V	CASTTIME:1 swift action	RANGE:15 ft.	TARGETAREA:All creatures in a 15-ft. radius burst centered on you	DURATION:Instantaneous	SAVEINFO:Fortitude negates (harmless)	SPELLRES:Yes (harmless)	DESC:Sleeping/Unconcious creatures in area awaken.|!PRERULE:1,DisplayFullSpell
Naturewatch	CLASSES:Druid=0|Ranger=1	SCHOOL:Necromancy	TYPE:Divine	COMPS:S	CASTTIME:1 standard action	RANGE:30 ft.	TARGETAREA:Cone-shaped emanation	DURATION:(CASTERLEVEL*10) minutes	SAVEINFO:None	SPELLRES:No	DESC:As deathwatch, but on animals and plants.|!PRERULE:1,DisplayFullSpell

# 1st Level Druid Spells
Animate Fire	CLASSES:Druid=1	SCHOOL:Transmutation	DESCRIPTOR:Fire	TYPE:Divine	COMPS:V, S, M	CASTTIME:1 round	RANGE:Close	TARGETAREA:One Small Fire	DURATION:Concentration, up to (CASTERLEVEL) rounds [D]		SAVEINFO:None	SPELLRES:No	DESC:Turn campfire into Small elemental.|!PRERULE:1,DisplayFullSpell
Animate Water	CLASSES:Druid=1	SCHOOL:Transmutation	DESCRIPTOR:Water	TYPE:Divine	COMPS:V, S, M	CASTTIME:1 round	RANGE:Close	TARGETAREA:Cube of water up to 5ft. on a side	DURATION:Concentration, up to (CASTERLEVEL) rounds [D]		SAVEINFO:None	SPELLRES:No	DESC:Turn quantity of water into Small elemental.|!PRERULE:1,DisplayFullSpell
Animate Wood	CLASSES:Druid=1	SCHOOL:Transmutation	TYPE:Divine	COMPS:V, S, M	CASTTIME:1 round	RANGE:Touch	TARGETAREA:One Small or smaller wooden object	DURATION:Concentration, up to (CASTERLEVEL) rounds [D]		SAVEINFO:None	SPELLRES:No	DESC:Turn Small or smaller wooden item into animated object.|!PRERULE:1,DisplayFullSpell
Aspect of the Wolf	CLASSES:Druid,Ranger=1	SCHOOL:Transmutation		TYPE:Arcane.Divine	COMPS:V, S, M/DF	CASTTIME:1 standard action	RANGE:Personal	TARGETAREA:You	DURATION:(CASTERLEVEL*10) minutes [D]	SAVEINFO:None	SPELLRES:No	DESC:You change into a wolf and gain some of its abilities.|!PRERULE:1,DisplayFullSpell
Aura Against Flame	CLASSES:Druid=1|Cleric=2	SCHOOL:Abjuration	TYPE:Divine	COMPS:V, S	CASTTIME:1 standard action	RANGE:Personal	TARGETAREA:You	DURATION:(CASTERLEVEL) rounds	SAVEINFO:None	SPELLRES:No	DESC:Ignores 10 fire damage/round and extinguishes fires.|!PRERULE:1,DisplayFullSpell
Babau Slime	CLASSES:Druid,Sorcerer,Wizard=1	SCHOOL:Transmutation	TYPE:Arcane.Divine	COMPS:V, S, M/DF	CASTTIME:1 standard action	RANGE:Touch	TARGETAREA:Creature touched	DURATION:(CASTERLEVEL) minutes	SAVEINFO:Fortitude negates (harmless)	SPELLRES:Yes (harmless)	DESC:Secrete a body-covering acid that damages attacking foes.|!PRERULE:1,DisplayFullSpell
Beast Claws	CLASSES:Druid=1	SCHOOL:Transmutation	TYPE:Divine	COMPS:V, S, DF	CASTTIME:1 standard action	RANGE:Personal	TARGETAREA:You	DURATION:(CASTERLEVEL) hours	SAVEINFO:None	SPELLRES:No	DESC:Your hands become slashing natural weapons.|!PRERULE:1,DisplayFullSpell
Beastland Ferocity	CLASSES:Druid,Bard=1	SCHOOL:Enchantment	SUBSCHOOL:Compulsion	DESCRIPTOR:Mind-Affecting	TYPE:Divine	COMPS:V, S, DF	CASTTIME:1 standard action	RANGE:Touch	TARGETAREA:Creature touched	DURATION:(CASTERLEVEL) minutes	SAVEINFO:Fortitude negates (harmless)	SPELLRES:Yes (harmless)	DESC:Subject fights without penalty while disabled or dying.|!PRERULE:1,DisplayFullSpell
Beget Bogun	CLASSES:Druid=1	SCHOOL:Conjuration	SUBSCHOOL:Creation	TYPE:Divine	COMPS:V, S, M, XP	CASTTIME:1 standard action	RANGE:Touch	TARGETAREA:Tiny construct	DURATION:Instantaneous	SAVEINFO:None	SPELLRES:No	XPCOST:25	DESC:You create a Tiny nature servant.|!PRERULE:1,DisplayFullSpell
Branch to Branch	CLASSES:Druid,Ranger=1	SCHOOL:Transmutation	TYPE:Divine	COMPS:V, S	CASTTIME:1 standard action	RANGE:Personal	TARGETAREA:You	DURATION:(CASTERLEVEL) hours [D]	SAVEINFO:None	SPELLRES:No	DESC:You gain +10 competence bonus on limb checks in trees and can brachiate through forest.|!PRERULE:1,DisplayFullSpell
Breath of the Jungle	CLASSES:Druid=1	SCHOOL:Transmutation	TYPE:Divine	COMPS:V, S, DF	CASTTIME:1 standard action	RANGE:Medium	TARGETAREA:40 ft radius, 20 ft. high	DURATION:(CASTERLEVEL) minutes	SAVEINFO:None	SPELLRES:No	DESC:Fog makes poison and diseases harder to resist.|!PRERULE:1,DisplayFullSpell
Buoyant Lifting	CLASSES:Druid=1	SCHOOL:Evocation	TYPE:Divine	COMPS:S, DF	CASTTIME:1 immediate action	RANGE:Close	TARGETAREA:(CASTERLEVEL) willing creatures, no two of which are more than 20 ft. apart.	DURATION:(CASTERLEVEL) minutes [D]; see text	SAVEINFO:None	SPELLRES:No	DESC:Underwater creatures rise to surface.|!PRERULE:1,DisplayFullSpell
Camouflage	CLASSES:Druid,Ranger=1	SCHOOL:Transmutation	TYPE:Divine	COMPS:V, S	CASTTIME:1 standard action	RANGE:Personal	TARGETAREA:You	DURATION:(CASTERLEVEL*10) minutes	SAVEINFO:None	SPELLRES:No	DESC:Grants +10 bonus on Hide checks.|!PRERULE:1,DisplayFullSpell
Claws of the Bear	CLASSES:Druid,Ranger=1	SCHOOL:Transmutation	TYPE:Divine	COMPS:V, S	CASTTIME:1 standard action	RANGE:Personal	TARGETAREA:You	DURATION:(CASTERLEVEL) rounds	SAVEINFO:None	SPELLRES:No	DESC:Your hands become weapons that deal 1d8 damage.|!PRERULE:1,DisplayFullSpell
Climb Walls	CLASSES:Druid,Ranger=1	SCHOOL:Transmutation	TYPE:Divine	COMPS:V, S, M	CASTTIME:1 standard action	RANGE:Touch	TARGETAREA:Creature touched	DURATION:(CASTERLEVEL) minutes [D]	SAVEINFO:Will negates (harmless)	SPELLRES:No (harmless)	DESC:Touched creature gains increased climbing ability.|!PRERULE:1,DisplayFullSpell
Cloudburst	CLASSES:Druid=1	SCHOOL:Evocation	DESCRIPTOR:Water	TYPE:Divine	COMPS:V, S	CASTTIME:1 round	RANGE:Long	TARGETAREA:100 ft. Radius emanation	DURATION:(CASTERLEVEL*10) minutes [D]	SAVEINFO:None	SPELLRES:No	DESC:Hampers vision and ranged attacks, puts out normal fires.|!PRERULE:1,DisplayFullSpell
Cold Fire	CLASSES:Cleric,Druid=1	SCHOOL:Transmutation	DESCRIPTOR:Cold	TYPE:Divine	COMPS:V, S, DF	CASTTIME:1 standard action	RANGE:Close	TARGETAREA:One fire source (up to a 20-ft cube) or one creature; see text	DURATION:(CASTERLEVEL) minutes [D] (fire source) or	instantaneous (creature)	SAVEINFO:No (fire source) or Fortitude half (creature)	SPELLRES:No (fire source) or Yes (creature)	DESC:Fire bcomes blue and white, emits cold.|!PRERULE:1,DisplayFullSpell
Crabwalk	CLASSES:Bard,Druid,Ranger=1	SCHOOL:Transmutation	TYPE:Divine	COMPS:V, S, M	CASTTIME:1 standard action	RANGE:Touch	TARGETAREA:Creature touched	DURATION:(CASTERLEVEL) minutes	SAVEINFO:None	SPELLRES:No	DESC:Touched creature gains bonus while charging.|!PRERULE:1,DisplayFullSpell
Deep Breath	CLASSES:Druid,Ranger,Sorcerer,Wizard=1	SCHOOL:Conjuration	SUBSCHOOL:Creation	DESCRIPTOR:Air	TYPE:Arcane.Divine	COMPS:V	CASTTIME:1 immediate action	RANGE:Personal	TARGETAREA:You	DURATION:(CASTERLEVEL) rounds	SAVEINFO:None	SPELLRES:No	DESC:Your lungs are filled with air.|!PRERULE:1,DisplayFullSpell
Delay Disease	CLASSES:Cleric,Druid=1	SCHOOL:Conjuration	SUBSCHOOL:Healing	TYPE:Divine	COMPS:V, S, DF	CASTTIME:1 standard action	RANGE:Touch	TARGETAREA:Creature touched	DURATION:24 hours	SAVEINFO:Will negates (harmless)	SPELLRES:Yes (harmless)	DESC:Ravages of disease staved off for a day.|!PRERULE:1,DisplayFullSpell
Enrage Animal	CLASSES:Druid,Ranger=1	SCHOOL:Enchantment	SUBSCHOOL:Compulsion	DESCRIPTOR:Mind-Affecting	TYPE:Divine	COMPS:V, S	CASTTIME:1 standard action	RANGE:Medium	TARGETAREA:One animal	DURATION:Concentration + (CASTERLEVEL) rounds	SAVEINFO:None	SPELLRES:Yes	DESC:Animal rages like barbarian, not fatigued.|!PRERULE:1,DisplayFullSpell
Foundation of Stone	CLASSES:Cleric,Druid=1	SCHOOL:Transmutation	DESCRIPTOR:Earth	TYPE:Divine	COMPS:V, S, DF	CASTTIME:1 standard action	RANGE:Close	TARGETAREA:(CASTERLEVEL) creatures, no two of which are more than 30 ft. apart	DURATION:(CASTERLEVEL) rounds	SAVEINFO:None	SPELLRES:No	DESC:+2 AC, +4 bonus to resist bull rush and trip attacks.|!PRERULE:1,DisplayFullSpell
Hawkeye	CLASSES:Druid,Ranger=1	SCHOOL:Transmutation	TYPE:Divine	COMPS:V	CASTTIME:1 standard action	RANGE:Personal	TARGETAREA:You	DURATION:(CASTERLEVEL*10) minutes [D]	SAVEINFO:None	SPELLRES:No	DESC:Increase range increments by 50%, +5 on Spot checks.|!PRERULE:1,DisplayFullSpell
Healthful Rest	CLASSES:Bard,Cleric,Druid=1	SCHOOL:Conjuration	SUBSCHOOL:Healing	TYPE:Divine	COMPS:V, S	CASTTIME:10 minutes	RANGE:Close	TARGETAREA:(CASTERLEVEL) creatures, no two of which are more than 30 ft. apart	DURATION:24 hours	SAVEINFO:Will negates (harmless)	SPELLRES:Yes (harmless)	DESC:Subjects heal at twice the normal rate.|!PRERULE:1,DisplayFullSpell
Horrible Taste	CLASSES:Druid,Ranger,Sorcerer,Wizard=1	SCHOOL:Transmutation	TYPE:Arcane.Divine	COMPS:V, S, M	CASTTIME:1 standard action	RANGE:Touch	TARGETAREA:Creature or object touched	DURATION:(CASTERLEVEL*10) minutes	SAVEINFO:Fortitude negates; see text	SPELLRES:No	DESC:Touched creature or object nauseates biting or swallowing foes.|!PRERULE:1,DisplayFullSpell
Low-Light Vision	CLASSES:Druid,Ranger,Sorcerer,Wizard=1	SCHOOL:Transmutation	TYPE:Arcane.Divine	COMPS:V, M	CASTTIME:1 standard action	RANGE:Touch	TARGETAREA:Creature touched	DURATION:(CASTERLEVEL) hours	SAVEINFO:Will negates (harmless)	SPELLRES:Yes (harmless)	DESC:See twice as far as a human in poor illumination.|!PRERULE:1,DisplayFullSpell
Omen of Peril	CLASSES:Cleric,Druid,Ranger=1	SCHOOL:Divination	TYPE:Divine	COMPS:V, F	CASTTIME:1 round	RANGE:Personal	TARGETAREA:You	DURATION:Instantaneous	SAVEINFO:None	SPELLRES:No	DESC:You know how dangerous the future will be.|!PRERULE:1,DisplayFullSpell
Raging Flame	CLASSES:Druid,Sorcerer,Wizard=1	SCHOOL:Transmutation	DESCRIPTOR:Fire	TYPE:Arcane.Divine	COMPS:V, S	CASTTIME:1 standard action	DURATION:1 minute	SAVEINFO:None	SPELLRES:No	DESC:Fires burn twice as hot, half as long.|!PRERULE:1,DisplayFullSpell
Ram's Might	CLASSES:Druid,Ranger=1	SCHOOL:Transmutation	TYPE:Divine	COMPS:V, S	CASTTIME:1 standard action	RANGE:Personal	TARGETAREA:You	DURATION:(CASTERLEVEL) minutes	SAVEINFO:None	SPELLRES:No	DESC:+2 to Strength and your unarmed attacks deal normal damage.|!PRERULE:1,DisplayFullSpell
Rapid Burrowing	CLASSES:Druid,Ranger=1	SCHOOL:Transmutation	TYPE:Divine	COMPS:V, S, DF	CASTTIME:1 standard action	RANGE:Touch	TARGETAREA:Creature touched	DURATION:(CASTERLEVEL*10) minutes	SAVEINFO:Fortitude negates (harmless)	SPELLRES:Yes (harmless)	DESC:+20 ft. to subject's burrow speed.|!PRERULE:1,DisplayFullSpell
Remove Scent	CLASSES:Bard,Druid,Ranger,Sorcerer,Wizard=1	SCHOOL:Transmutation	TYPE:Arcane.Divine	COMPS:V, S, M	CASTTIME:1 standard action	RANGE:Touch	TARGETAREA:Creature touched	DURATION:(CASTERLEVEL*10) minutes	SAVEINFO:Will negates	SPELLRES:Yes	DESC:Hides touched creatures scent.|!PRERULE:1,DisplayFullSpell
Resist Planar Alignment	CLASSES:Cleric,Druid,Paladin,Ranger,Sorcerer,Wizard=1	SCHOOL:Abjuration	TYPE:Arcane.Divine	COMPS:V, S, DF	CASTTIME:1 standard action	RANGE:Touch	TARGETAREA:Creature touched	DURATION:(CASTERLEVEL*10) minutes	SAVEINFO:Fortitude negates (harmless)	SPELLRES:Yes (harmless)	DESC:Subject can resist penalties for being an opposed alignment on an aligned Outer Plane.|!PRERULE:1,DisplayFullSpell
Sandblast	CLASSES:Druid=1	SCHOOL:Evocation	TYPE:Divine	COMPS:V, S, DF	CASTTIME:1 standard action	RANGE:10 ft.	TARGETAREA:10 ft. radius burst centered on you	DURATION:Instantaneous	SAVEINFO:Reflex half	SPELLRES:Yes	DESC:You fire hot sand that deals 1d6 nonlethal damage, stuns enemies.|!PRERULE:1,DisplayFullSpell
Slow Burn	CLASSES:Druid,Sorcerer,Wizard=1	SCHOOL:Transmutation	DESCRIPTOR:Fire	TYPE:Arcane.Divine	COMPS:V, S, M/DF	CASTTIME:1 standard action	RANGE:Medium	TARGETAREA:30-ft-radius spread	DURATION:1 minute	SAVEINFO:None	SPELLRES:No	DESC:Fires burn twice as long.|!PRERULE:1,DisplayFullSpell
Snake's Swiftness	CLASSES:Druid,Sorcerer,Wizard=1	SCHOOL:Transmutation	TYPE:Arcane.Divine	COMPS:V, S, M/DF	CASTTIME:1 standard action	RANGE:Close	TARGETAREA:One allied creature	DURATION:Instantaneous	SAVEINFO:Will negates (harmless)	SPELLRES:Yes (harmless)	DESC:Subject immediately makes one attack.|!PRERULE:1,DisplayFullSpell
Snowshoes	CLASSES:Cleric,Druid,Ranger=1	SCHOOL:Transmutation	TYPE:Divine	COMPS:V, S	CASTTIME:1 standard action	RANGE:Touch	TARGETAREA:Creature touched	DURATION:(CASTERLEVEL) hours [D]	SAVEINFO:Will negates (harmless)	SPELLRES:Yes (harmless)	DESC:Subject walks easily on ice and snow.|!PRERULE:1,DisplayFullSpell
Surefooted Stride	CLASSES:Druid,Ranger=1|Bard,Sorcerer,Wizard=2	SCHOOL:Transmutation	TYPE:Arcane.Divine	COMPS:V, S	CASTTIME:1 standard action	RANGE:Personal	TARGETAREA:You	DURATION:(CASTERLEVEL) minutes	SAVEINFO:None	SPELLRES:No	DESC:You can move over rubble as easily as you can over open ground.|!PRERULE:1,DisplayFullSpell
Thunderhead	CLASSES:Druid,Sorcerer,Wizard=1	SCHOOL:Evocation	DESCRIPTOR:Electricity	TYPE:Arcane.Divine	COMPS:V, S, M	CASTTIME:1 standard action	RANGE:Close	TARGETAREA:One creature	DURATION:(CASTERLEVEL) rounds	SAVEINFO:Reflex negates; see text	SPELLRES:Yes	DESC:Small lightning bolts deal 1 damage per round.|!PRERULE:1,DisplayFullSpell
Traveler's Mount	CLASSES:Druid,Paladin,Ranger=1	SCHOOL:Transmutation	TYPE:Divine	COMPS:V, S	CASTTIME:1 standard action	RANGE:Touch	TARGETAREA:Animal or magical beast touched	DURATION:(CASTERLEVEL) hours	SAVEINFO:Will negates	SPELLRES:Yes	DESC:Creature moves faster but can't attack.|!PRERULE:1,DisplayFullSpell
Updraft	CLASSES:Cleric,Druid=1	SCHOOL:Conjuration	SUBSCHOOL:Creation	DESCRIPTOR:Air	TYPE:Divine	COMPS:V, S, M	CASTTIME:1 swift action	RANGE:Personal	TARGETAREA:You	DURATION:Instantaneous	SAVEINFO:None	SPELLRES:No	DESC:Column of wind lifts you aloft.|!PRERULE:1,DisplayFullSpell
Vigor (Lesser)	OUTPUTNAME:Vigor, Lesser	CLASSES:Cleric,Druid=1	SCHOOL:Conjuration	SUBSCHOOL:Healing	TYPE:Divine	COMPS:V, S	CASTTIME:1 standard action	RANGE:Touch	TARGETAREA:Living creature touched	DURATION:(CASTERLEVEL+10) rounds (max 15)	SAVEINFO:Will negates (harmless)	SPELLRES:Yes (harmless)	DESC:Creature heals 1 hp per round (max 15 rounds).|!PRERULE:1,DisplayFullSpell
Vine Strike	CLASSES:Druid,Ranger=1	SCHOOL:Divination	TYPE:Divine	COMPS:V, DF	CASTTIME:1 swift action	RANGE:Personal	TARGETAREA:You	DURATION:1 round	SAVEINFO:None	SPELLRES:No	DESC:You can sneak attack plant creatures for 1 round.|!PRERULE:1,DisplayFullSpell
Wall of Smoke	CLASSES:Druid,Sorcerer,Wizard=1	SCHOOL:Conjuration	SUBSCHOOL:Creation	TYPE:Arcane.Divine	COMPS:V, S	CASTTIME:1 standard action	RANGE:Close	TARGETAREA:A straight wall whose area is up to one (CASTERLEVEL*10)-ft. square [S]	DURATION:(CASTERLEVEL) rounds	SAVEINFO:Fortitude partial; see text	SPELLRES:No	DESC:Wall of black smoke obscures vision and nauseates those who pass through.|!PRERULE:1,DisplayFullSpell
Wings of the Sea	CLASSES:Cleric,Druid,Ranger,Sorcerer,Wizard=1	SCHOOL:Transmutation	TYPE:Arcane.Divine	COMPS:S, M	CASTTIME:1 standard action	RANGE:Touch	TARGETAREA:Creature touched	DURATION:(CASTERLEVEL) minutes	SAVEINFO:Fortitude negates (harmless)	SPELLRES:Yes (harmless)	DESC:+30 ft. to subject's swim speed.|!PRERULE:1,DisplayFullSpell
Winter Chill	CLASSES:Druid=1	SCHOOL:Transmutation	DESCRIPTOR:Cold	TYPE:Divine	COMPS:V, S	CASTTIME:1 standard action	RANGE:Close	TARGETAREA:One creature	DURATION:Instantaneous	SAVEINFO:Fortitude negates	SPELLRES:Yes	DESC:Creature takes 1d6 cold damage and is fatigued.|!PRERULE:1,DisplayFullSpell
Wood Wose	CLASSES:Druid=1	SCHOOL:Conjuration	SUBSCHOOL:Creation	TYPE:Divine	COMPS:V, S, DF	CASTTIME:1 standard action	RANGE:Close	TARGETAREA:See text	DURATION:(CASTERLEVEL) hours	SAVEINFO:None	SPELLRES:No	DESC:Nature spirit does simple tasks for you.|!PRERULE:1,DisplayFullSpell

### Long descriptions
# Druid Level 0
Dawn.Mod	DESC:All sleeping creatures in the affected area awaken. Those who are unconscious because of nonlethal damage wake up and are staggered. This spell does not affect dying creatures.|PRERULE:1,DisplayFullSpell
Naturewatch.Mod	DESC:This spell is similar to deathwatch (PH 217), but it functions only on animals and plants. In addition, it also allows you to determine a variety of other mundane information about the animals and plants (whether or not the plants are dehydrated, the animals are malnourished, and so forth).|PRERULE:1,DisplayFullSpell
# Druid Level 1
Animate Fire.Mod	DESC:You animate a fire, which must be approximately the size of a campfire. The animated fire has the statistics of a Small fire elemental (MM 98), and attacks as you direct. It cannot move beyond the range of its source fire (25 ft. + 5 ft, . 2 caster levels). Material Component:A handful of charcoal, sulfur and soda ash.|PRERULE:1,DisplayFullSpell
Animate Water.Mod	DESC:This spell functions like animate fire, but you can instead animate a quantity of water of at least 4 cubic feet into a Small water elemental (MM 100). Material Component:A vial of pure spring water mixed with cinnabar oil.|PRERULE:1,DisplayFullSpell
Animate Wood.Mod	DESC:This spell imbues a Small or smaller wooden object with mobility and a semblance of life, then causes it to immediately attack whomever or whatever you initially designate. Statistics for the animated wood are as for a small animated object (MM 13). Wooden objects animated by this spell have hardness 5. The spell cannot animate objectes carried or worn by a creature. Material Component:A mixture of powdered cinnabar and ground peach pit.|PRERULE:1,DisplayFullSpell
Aspect of the Wolf.Mod	DESC:When you cast this spell, you assume the physical appearance and many of the qualities and abilities of a wolf (MM 283). While under the effect of the spell, your creature type changes to animal and your size changes to Medium. You have the space and reach of a wolf (5ft. / 5ft.). You gain Strength, Dexterity and Constitution of an average wolf (Str 13, Dex 15, Con 15), but you retain your own mental ability scores. Your base land speed becomes 50 feet. You gain low-light vision and scent. You gain a bite attack, which is a primary natural attack that deals 1d6+1 points of damage with each successful hit. Your class and level, hit points, alignment, base attack bonus, and base saving throw bonuses all remain the same. You lose any extraordinary special abilities of your own form, as awell as spell-like and supernatural abilities. You keep all extraordinary special attacks derived from class levels (such as a barbarian's rage or a rogue's sneak attack), but you lose any from your normal form that are not derived from class levels. You cannot speak or cast spells while in wolf form. However, if you have the Natural Spell feat, you can cast spells normally. Your natural armor bonus becomes +2, regardless of any natural armor bonus from your normal form. While in wolf form, you gain the wolf's trip extraordinary attack form, allowing you to make a free trip attempt against any opponent that you hit with your bite attack. Your equipment melds into your new form and becomes nonfunctional. Arcane Material Component:A whisker from a wolf.|PRERULE:1,DisplayFullSpell
Aura Against Flame.Mod	DESC:You create an aura of blue mist that protects you against fire, absorbing the first 10 points of fire damage as a resist energy (fire) spell (PH 272). In addition to the resist energy (fire) effect, the spell can be used to snuff out fires. Any nonmagical flame that the aura contacts is immediately extinguished if the flame’s maximum damage is 10 or fewer points per round. This means that torches, small fires, and hurled alchemist’s fire are snuffed out and cause no damage if used against you or if you touch them. You can use a standard action to touch an existing magical fire (such as a flaming sphere or a wall of fire) and attempt to dispel it as if using a dispel magic spell against it (use the caster level of aura against flame for the caster level check). If you succeed, you take no damage from the touch and the magical fire and aura both vanish. If you fail, you take damage from the magical fire source normally (reduced by your aura against flame), and both spells remain. With a readied action, you can use the aura as a dispel magic effect to counterspell a magical fire attack against you. If successful, the spell is counterspelled and the aura disappears. If you fail the dispel check, or if the attack is not a fire attack, the aura remains.|PRERULE:1,DisplayFullSpell
Babau Slime.Mod	DESC:This demon-inspired transmutation causes the subject to secrete a slimy red layer of jelly that coats its skin, armor, and equipment. A creature that strikes a slime-protected subject with an unarmed strik, a touch attack (including a touch spell), or a natural weapon takes 1d8 points of acid damage. Any creature in a grapple with the target of babau slime takes 1d8 points of acid damage at the beginning of its turn. Arcane Material Component:A drop of babau slime.|PRERULE:1,DisplayFullSpell
Beast Claws.Mod	DESC:You gain two claw attacks that act as slashing melee weapons, dealing 1d4 points of damage with a threat range of 19-20. Attacks with your transformed hands do not provoke attacks of opportunity. Your claws work just like the natural weapons of many monsters. You can make an attack with one claw of a full attack with two claws at your normal attack bonus, replacing your normal attack routine. You take no penalties for two-weapon fighting, and neither attack is secondary attack. If your base attack bonus is +6 or higher, you do not gain any additional attacks--you simply have two claw attacks at your normal attack bonus. If you attack with a manufactured weapon or another natural attack, you can't make any claw attacks in that round. The claws do not hinder your manual dexterity or spellcasting. Material Component:The claw of a bird of prey, such as an eagle or falcon.|PRERULE:1,DisplayFullSpell
Beastland Ferocity.Mod	DESC:The subject becomes such a tenacious combatant that it continues to fight without penalty even while disabled or dying. While between -1 and -9 hit points, the creature gains a +4 enhancement bonus to Strength. If the creature is reduced to -10 hit points, it dies normally.|PRERULE:1,DisplayFullSpell
Beget Bogun.Mod	DESC:Beget bogun allows you to infuse living magic into a small mannequin that you have created from vegetable matter. This is the final spell in the process of creating a bogun. See the bogun's description for further details. Material Component:The mannequin from which the bogun is created.|PRERULE:1,DisplayFullSpell
Branch to Branch.Mod	DESC:You gain a +10 competence bonus on Climb checks made in trees. As long as you remain at least 10 feet above the ground, you can brachiate (swing by branches and vines) in medium or dense forest, but not in sparse forest. When you brachiate, you gain a 10-foot enhancement bonus to your land speed and ignore the hampered movement penalties for undergrowth and other terrain features. You can charge while brachiating, but you can’t run. Naturally, some local conditions, such as areas of sparse forest, clearings, wide rivers, or other breaks in the forest canopy, might force you to return to the ground.|PRERULE:1,DisplayFullSpell
Breath of the Jungle.Mod	DESC:The DC of any saving throw made within the mist against poison or disease increases by 2. The mist does not provide concealment.|PRERULE:1,DisplayFullSpell
Buoyant Lifting.Mod	DESC:The subjects of this spell are borne toward the surface at 60 feet per round until they are floating on it. The subject then rests at the top of the liquid (rescuing it from drowning if it was a sinking air-breather) and can swim away under its own power or be moved by others (such as with a rope). If the subject is removed from the liquid, the spell ends.|PRERULE:1,DisplayFullSpell
Camouflage.Mod	DESC:Throughout the duration of the spell, your coloration changes instantly to match the background of any new environment you enter, with no effort on your part. This effect grants you a +10 circumstance bonus on Hide checks.|PRERULE:1,DisplayFullSpell
Claws of the Bear.Mod	DESC:When you cast this spell, your hands become natural weapons that deal 1d8 points of damage each or your normal unarmed damage, whichever is greater. You are considered armed while this spell is in effect. If you are Small, your claws deal 1d6 points of damage, and if you are Large, they deal 2d6 points of damage. You add your Strength modifier to your claw damage rolls. Your claws work just like the natural weapons of many monsters. You can make an attack with one claw or a full attack with two claws at your normal attack bonus, replacing your normal attack routine. You take no penalties for two-weapon fighting, and neither attack is a secondary attack. If your base attack bonus is +6 or higher, you do not gain any additional attacks—you simply have two claw attacks at your normal attack bonus.|PRERULE:1,DisplayFullSpell
Climb Walls.Mod	DESC:The subject gains a +10 enhancement bonus on Climb checks. The bonus increases to +20 at caster level 5th, and to +30 (the maximum) at caster level 9th. Unlike with spider climb, this spell does not allow the subject to climb on ceilings, and it does not give the creature a climb speed. Material Component: A drop of tree sap or equally sticky material.|PRERULE:1,DisplayFullSpell
Cloudburst.Mod	DESC:You cause clouds to gather and a heavy rain to fall. The rain reduces visibility ranges by half, resulting in a –4 penalty on Spot and Search checks. It automatically extinguishes unprotected flames and has a 50% chance of extinguishing protected flames. Ranged weapon attacks and Listen checks take a –4 penalty. Fire damage in this spell’s area is reduced by 1 point per die of damage. This spell does not function indoors, underground, underwater, or in desert climates. After the spell ends, the water created evaporates over the next 10 minutes. The water created with this spell does not slake thirst or provide any nourishment to plants.|PRERULE:1,DisplayFullSpell
Cold Fire.Mod	DESC:You are able to change the normal flames of a fire (any blaze that lasts for more than 1 round) into cold flames. Affected flames deal cold damage to creatures that come into contact with them. The spell can also affect magical fires such as those generated by a wall of fire, provided the affected fire is small enough. Cold fire flames burn blue and white for the duration of the spell. If the target is a creature with the fire subtype or vulnerability to cold, the spell deals 1d6 points of cold damage per two caster levels (maximum 5d6) to the creature, but has no further effect.|PRERULE:1,DisplayFullSpell
Crabwalk.Mod	DESC:When the subject of this spell charges, it gains a +4 bonus on its attack roll and takes no penalty to Armor Class. This benefit replaces the normal +2 bonus on attack rolls and –2 penalty to AC that a charge attack normally confers. If the creature is capable of multiple attacks after a charge, such as a lion with the pounce ability, the bonus applies only to the first attack. Material Component: A crab’s leg.|PRERULE:1,DisplayFullSpell
Depp Breath.Mod	DESC:Your lungs instantly fill with air, and continue to refill with air for the duration of the spell. When the spell’s duration expires, you can continue to hold your breath as if you had just gulped down a lungful of air. You can cast this spell with an instant utterance, quickly enough to save yourself from drowning after being suddenly plunged into water.|PRERULE:1,DisplayFullSpell
Delay Disease.Mod	DESC:The progress of any nonmagical disease that already afflicts the target is halted for the duration of the spell. Delay disease allows the subject to skip the required saving throw against the disease for the day that the spell is in effect. During this period, the subject accrues no further ability damage from the disease. A skipped saving throw counts as neither a success nor a failure for the purpose of recovery from the disease. Furthermore, the incubation period of any disease to which the subject is exposed during the spell’s duration does not begin until the spell expires. Delay disease does not cure any damage that a disease might already have dealt, and it has no effect on magical or supernatural diseases.|PRERULE:1,DisplayFullSpell
Enrage Animal.Mod	DESC:Enrage animal affects only creatures of the animal type and bestows a +4 morale bonus to Strength and Constitution, a +2 morale bonus on Will saves, and a –2 penalty to Armor Class. This effect is otherwise identical to a barbarian’s rage (PH 25), except that the animal is not fatigued at the end of the rage.|PRERULE:1,DisplayFullSpell
Foundation of Stone.Mod	DESC:As long as they do not move and remain standing on solid ground, the subject creatures gain a +2 bonus to Armor Class and a +4 bonus on Strength checks made to resist being bull rushed or tripped. If this spell is cast in mountainous terrain, the bonus on Strength checks granted by this spell increases to +6.|PRERULE:1,DisplayFullSpell
Hawkeye.Mod	DESC:Your range increment for ranged weapons increases by 50%, and you gain a +5 competence bonus on Spot checks.|PRERULE:1,DisplayFullSpell
Healthful Rest.Mod	DESC:Healthful rest doubles the subjects’ natural healing rate. Each affected creature regains twice the hit points and ability damage it otherwise would have regained during that day, depending on its activity level (PH 76).|PRERULE:1,DisplayFullSpell
Horrible Taste.Mod	DESC:Any creature that bites the spell’s subject must succeed on a Fortitude saving throw or be nauseated until the end of its next turn. If a creature of animal Intelligence (2 or lower) fails its saving throw, it will not willingly bite the subject a second time; someone trying to direct the creature to bite the subject again must make a Handle Animal check as if he was trying to “push” the creature. This check must be made every time he tries to make the creature bite. Creatures that are immune to poison or that lack the ability to taste are unaffected by this spell. Material Component: A pinch of rotten meat.|PRERULE:1,DisplayFullSpell
Low-Light Vision.Mod	DESC:The subject creature gains low-light vision. Arcane Material Component: A small candle|PRERULE:1,DisplayFullSpell
Omen of Peril.Mod	DESC:Based on an assessment of your immediate surroundings and chosen path of travel, you receive one of three visions that reflect the next hour’s journey: safety, peril, or great danger. The base chance for receiving an accurate reply is 70% +1% per caster level, to a maximum of 90%; the DM makes the roll secretly. If the omen of peril is successful, you get one of three visions, which lasts just a second or two. Safety: You aren’t in any immediate danger. If you continue on your present course (or remain where you are if you have been stationary for some time before casting the spell), you will face no significant monsters, traps, or other challenges for the next hour or so. Peril: You will face challenges typical of an adventure: challenging but not overwhelming monsters, dangerous traps, and other hazards for the next hour or so. Great Danger: Your very life is at grave risk. You will likely face powerful NPCs or deadly traps in the next hour. If the roll fails, you get one of the two incorrect results, determined randomly by the DM, and you don’t necessarily know that you failed because the DM rolls secretly. Choosing which vision is “correct” takes some educated guesswork on the part of the DM, who should assess the characters’ likely courses of action and what dangers they’re likely to face. The exact form that an omen of peril takes depends on whether you worship a specific deity, venerate nature as a druid, or simply uphold abstract principles. A druid might see a white dove for safety, a dark cloud obscuring the sun for peril, and a forest fire for great danger. A cleric of Fharlanghn might get a vision of a straight road for safety, a crossroads for peril, and a washed-out bridge for great danger. Unlike the more powerful augury spell (PH 202), an omen of peril doesn’t respond to a specific question. It indicates only the level of danger likely for the next hour, not what form the danger will take. Focus: A set of marked sticks, bones, or similar tokens worth at least 25 gp.|PRERULE:1,DisplayFullSpell
Raging Flame.Mod	DESC:This spell inflames existing fire, giving it a passion to burn. All normal fires within the affected area flare up, burning twice as hot and twice as bright. The illumination radii of all nonmagical fires double (so a torch casts bright illumination in a 40-foot radius), and all nonmagical fires deal double damage (so a creature that catches on fire takes 2d6 points of fire damage per round). Fire that leaves the area remains affected by the spell. Fire affected by this spell burns out twice as quickly, so a torch that is the subject of a raging flame spell burns out in 30 minutes instead of the normal hour. Magical fire in the area, such as from a produce flame or fireball spell, burns hotter, dealing +1 point of fire damage per die. Raging flame counters or dispels the effect of slow burn (page 192).|PRERULE:1,DisplayFullSpell
Ram's Might.Mod	DESC:You gain a +2 enhancement bonus to Strength, and your unarmed attacks deal lethal instead of nonlethal damage. You are considered armed. The spell has no other effect; you can cast spells and manipulate objects normally.|PRERULE:1,DisplayFullSpell
Rapid Burrowing.Mod	DESC:This spell increases the touched creature’s burrow speed by 20 feet. It has no effect on other modes of movement, nor does it grant the subject a burrow speed or the ability to burrow through stone if the creature cannot already do so.|PRERULE:1,DisplayFullSpell
Remove Scent.Mod	DESC:This spells hides the scent of the creature or object touched for the duration of the spell. The scent ability (MM 314) cannot detect a creature under the effect of a remove scent spell. It also negates the harmful effects of the noxious stench exuded by certain creatures, such as ghasts, for the duration of the spell. Material Component: A pinch of unscented candle wax.|PRERULE:1,DisplayFullSpell
Resist Planar Alignment.Mod	DESC:This abjuration grants a creature limited protection from a plane’s alignment traits (DMG 149). When the subject visits a plane with an alignment trait, this spell grants it immunity to penalties on its Charisma-based checks that mildly aligned planes impose on visitors of opposed alignments. The Charisma-, Wisdom-, and Intelligencebased check penalties associated with strongly aligned planes are halved while the spell’s duration lasts.|PRERULE:1,DisplayFullSpell
Sandblast.Mod	DESC:Creatures in the area take 1d6 points of nonlethal damage. Any creature that fails its Reflex save is also stunned for 1 round. You are not harmed by the spell.|PRERULE:1,DisplayFullSpell
Slow Burn.Mod	DESC:This spell lends fuel to existing fires within the spell’s area, allowing them to burn off the intangible power of passion as much as from physical substance. Because these fires consume less of the physical fuel that sustain them, they burn for twice as long without losing any of their intensity, but their illumination radius is halved. In addition, an affected fire is much harder to extinguish. It takes twice as long to put out a fire that is under the effect of this spell, and if a roll is required (such as the Reflex save required to extinguish flames if a creature is on fire), two successful rolls over 2 rounds are required to successfully put out the fire. If one such roll fails, the creature must begin trying to extinguish the flames again as if it had never succeeded on the first roll. Magical fire used against a target in this spell’s area, such as from a produce flame or fireball spell, does not burn as effectively, and fire damage from such sources is reduced by 1 point per die. Slow burn counters or dispels the effect of raging flame (page 164). Arcane Material Component: An oilfilled hourglass.|PRERULE:1,DisplayFullSpell
Snake's Swiftness.Mod	DESC:The subject can immediately make one melee or ranged attack. Taking this action doesn’t affect the subject’s normal place in the initiative order. This is a single attack and follows the standard rules for attacking. This spell does not allow the subject to make more than one additional attack in a round. If the subject has already made an additional attack, due to a prior casting of this spell, from the haste spell, or from any other source, this spell fails. Arcane Material Component: A few scales from a snake.|PRERULE:1,DisplayFullSpell
Snoeshoes.Mod	DESC:The affected creature can walk lightly over ice and snow without having its speed reduced. The affected creature gains a 10-foot enhancement bonus to speed and is not required to make a Balance check or Reflex save to walk on ice and snow without slipping and falling, to avoid cracking ice it walks over, or to avoid falling through cracked ice. In addition, the affected creature does not leave a more readily discernible trail through ice and snow than it does on solid ground, denying trackers potential bonuses to follow the affected creature’s path. (See Weather, DMG 93–95, and Cold Dangers, DMG 302, for more details on the effects of weather and ice.)|PRERULE:1,DisplayFullSpell
Surefooted Stride.Mod	DESC:You can move through difficult terrain (PH 163) at full speed for the duration of this spell, and you can even run, charge, and tumble through such terrain as though it were clear terrain. You also gain a +2 competence bonus on Climb checks.|PRERULE:1,DisplayFullSpell
Thunderhead.Mod	DESC:Thunderhead creates a small thundercloud over the subject’s head. The cloud moves with the subject, following it unerringly even if he becomes invisible or leaves the region. In every round of the spell’s duration, a miniature bolt of lightning leaps from the thundercloud to strike the subject. Each bolt deals 1 point of electricity damage that is negated by a successful Reflex save. Material Component: A small piece of copper wire.|PRERULE:1,DisplayFullSpell
Traveler's Mount.Mod	DESC:The touched animal or magical beast gets a 20-foot enhancement bonus to its speed, and it can hustle without taking damage or becoming fatigued as long as the spell is in effect. While bearing a rider, the mount no longer attacks in combat. The steed willingly bears its rider into battle; it just can’t use its own natural weapons for the duration of the spell.|PRERULE:1,DisplayFullSpell
Updraft.Mod	DESC:Updraft conjures forth rushing air that propels you upward. You gain 10 feet per level of altitude, and then gently float back down to the ground. At any point during your descent, you can move up to 5 feet laterally. Material Component: A miniature propeller or windmill.|PRERULE:1,DisplayFullSpell
Vigor (Lesser).Mod	DESC:The subject gains fast healing 1, enabling it to heal 1 hit point per round until the spell ends and automatically becoming stabilized if it begins dying from hit point loss during that time. Lesser vigor does not restore hit points lost from starvation, thirst, or suffocation, nor does it allow a creature to regrow or attach lost body parts. The effects of multiple vigor spells do not stack; only the highest-level effect applies.|PRERULE:1,DisplayFullSpell
Vine Strike.Mod	DESC:While this spell is in effect, you have a special connection to the forces of nature that allows you to deliver sneak attacks on plant creatures as if they were not immune to sneak attacks. To attack a plant creature in this manner, you must still meet the other requirements for making a sneak attack. This spell applies only to sneak attack damage. It gives you no ability to affect plant creatures with critical hits, nor does it confer any special ability to overcome the damage reduction or other defenses of plant creatures.|PRERULE:1,DisplayFullSpell
Wall of Smoke.Mod	DESC:This spell creates a thin wall of black smoke. The wall is stationary once created. The wall blocks sight to a limited degree. Creatures on opposite sides of the wall that cannot see over it gain concealment from each other. A creature can pass through a wall of smoke, but it must make a Fortitude save to avoid being nauseated for 1 round. A moderate wind (11+ mph), such as from a gust of wind spell, destroys the wall in 1 round. This spell does not function underwater.|PRERULE:1,DisplayFullSpell
Wings of the Sea.Mod	DESC:This spell increases the touched creature’s swim speed by 30 feet. It has no effect on other modes of movement, nor does it give the subject a swim speed if it does not already have one. Material Component: A drop of water.|PRERULE:1,DisplayFullSpell
Winter Chill.Mod	DESC:The target creature must succeed on a Fortitude save or take 1d6 points of cold damage and become fatigued. A creature with immunity to cold is not affected by this spell.|PRERULE:1,DisplayFullSpell
Wood Wose.Mod	DESC:A wood wose is a translucent green nature spirit that you can command to perform simple natural tasks. It can build a campfire, gather herbs, feed an animal companion, catch a fish, or perform any other simple task that doesn’t involve knowledge of technology. It cannot, for example, open a latched chest, since it doesn’t know how a latch works. A wood wose can perform only one activity at a time, but it repeats the same activity if told to do so. Thus, if you commanded it to gather leaves, it would continue to do so while you turned your attention elsewhere, as long as you remained within range. A wood wose has an effective Strength of 2, so it can lift 20 pounds or drag 100 pounds. It can trigger traps, but the 20 pounds of force it can exert is not enough to activate most pressure plates. It has a land speed of 15 feet and a fly speed of 15 feet (perfect). A wood wose cannot attack in any way; it is never allowed an attack roll or a saving throw. It cannot be killed, but it dissipates if it takes 6 points of damage from area attacks. If you attempt to send the wose beyond the spell’s range (measured from your current position), it ceases to exist.|PRERULE:1,DisplayFullSpell
