#This file auto-generated by PCGen. Manual editing not recommended.
#Ensure PCGen is not running before editing. Make backups as errors may result in data loss.
BASEITEM:Ring of Protection +1	NAME:Amulet of Protection +1	SPROP:This ring offers continual magical protection in the form of a deflection bonus of +1 to AC. Faint abjuration; CL 5th, (Ring of Protection +1)
BASEITEM:Leather	NAME:Leather (Medium)	KEY:AUTOSIZEMLeather	EQMOD:LEATHER
BASEITEM:Backpack	NAME:Backpack (Small)	KEY:AUTOSIZESBackpack	SIZE:S
BASEITEM:Bedroll	NAME:Bedroll (Small)	KEY:AUTOSIZESBedroll	SIZE:S
BASEITEM:Buckler	NAME:Buckler (Small)	KEY:AUTOSIZESBuckler	SIZE:S	EQMOD:STEEL
BASEITEM:Bullet (Sling)	NAME:Bullet (Sling) (Small)	KEY:AUTOSIZESBullet (Sling)	SIZE:S	EQMOD:STEEL
BASEITEM:Leather	NAME:Leather (Small)	KEY:AUTOSIZESLeather	SIZE:S	EQMOD:LEATHER
BASEITEM:Pouch (Belt)	NAME:Pouch (Belt) (Small)	KEY:AUTOSIZESPouch (Belt)	SIZE:S
BASEITEM:Rations (Trail/Per Day)	NAME:Rations (Trail/Per Day) (Small)	KEY:AUTOSIZESRations (Trail/Per Day)	SIZE:S
BASEITEM:Shortspear	NAME:Shortspear (Small)	KEY:AUTOSIZESShortspear	SIZE:S	EQMOD:WOOD.STEEL
BASEITEM:Sling	NAME:Sling (Small)	KEY:AUTOSIZESSling	SIZE:S	EQMOD:LEATHER
BASEITEM:Studded Leather	NAME:Studded Leather (Small)	KEY:AUTOSIZESStudded Leather	SIZE:S	EQMOD:STEEL
BASEITEM:Waterskin (Filled)	NAME:Waterskin (Filled) (Small)	KEY:AUTOSIZESWaterskin (Filled)	SIZE:S
BASEITEM:Barding (Leather)	NAME:Barding (Leather/Nonhumanoid)	EQMOD:LEATHER.NONHUMANOID
BASEITEM:Breastplate	NAME:Breastplate ( AC Bonus (Other) (+3)/ Ability Bonus (Enhancement)CON +4)	EQMOD:STEEL.BNS_AC_OTHE|+3.BNS_ENHC_AB|CON=+4
BASEITEM:Buckler	NAME:Buckler (Small)	SIZE:S	EQMOD:STEEL
BASEITEM:Chain Shirt	NAME:Chain Shirt (Small)	SIZE:S	EQMOD:STEEL
BASEITEM:Chain Shirt	NAME:Chain Shirt +1	EQMOD:STEEL.PLUS1A
BASEITEM:Chain Shirt	NAME:Chain Shirt +3	EQMOD:STEEL.Masterwork (Armor).PLUS3A
BASEITEM:Coin (Gold)	NAME:Coin (Crystal)	COSTMOD:24
BASEITEM:Longbow (Composite)	NAME:Composite Dragonbone Longbow +3 (Flaming/Corrosive/+4)	EQMOD:WOOD.PLUS3W.BOWSTR|+4.Flaming (Weapon/Ranged).Weapon ~ Corrosive	SPROP:You need at least two hands to use a bow, regardless of its size. You can use a composite longbow while mounted., (Longbow, Composite +3 (Flaming/Corrosive/+4))
BASEITEM:Coin (Gold)	NAME:Credit from Xiao	EQMOD:_WEIGHTADD|-0,0200000000000000004163336342344337026588618755340576171875	COSTMOD:0.0
BASEITEM:Dagger	NAME:Dagger +1	EQMOD:STEEL.PLUS1W
BASEITEM:Diamond (Blue)	NAME:Diamond Dust	EQMOD:_WEIGHTADD|0,1000000000000000055511151231257827021181583404541015625	COSTMOD:-4975
BASEITEM:Greatsword	NAME:Dragon's Breath Greatsword	EQMOD:STEEL.PLUS2W.Keen.Flaming (Weapon/Melee).Weapon ~ Corrosive.Weapon ~ Illuminating	SPROP:Adventurers recognize the greatsword as one of the best melee weapons available. It's reliable and powerful., (Greatsword +2 (Flaming/Keen/Corrosive/Illuminating))
BASEITEM:Elven Chain	NAME:Elven Chain +3	EQMOD:MITHRAL_ARMR_MED.PLUS3A
BASEITEM:Gem (Opal (Fire))	NAME:Gem (Fire Opal)	EQMOD:GEM|+500
BASEITEM:Greatsword	NAME:Greatsword +1 (Keen/Illuminating)	EQMOD:STEEL.PLUS1W.Weapon ~ Illuminating.Keen
BASEITEM:Leather	NAME:Leather (Small)	SIZE:S	EQMOD:LEATHER
BASEITEM:Longbow (Composite)	NAME:Longbow +1 (Composite/Bow_STR+3)	EQMOD:WOOD.PLUS1W.BOWSTR|+3
BASEITEM:Dagger	NAME:Masterwork Dagger	EQMOD:STEEL.Masterwork (Weapon)
BASEITEM:Longbow	NAME:Masterwork Longbow	EQMOD:WOOD.MWORKW
BASEITEM:Longbow (Composite)	NAME:Masterwork Longbow, Composite (+4)	EQMOD:WOOD.Masterwork (Weapon).BOWSTR
BASEITEM:Shortspear	NAME:Masterwork Shortspear (Small)	SIZE:S	EQMOD:WOOD.MWORKW.STEEL
BASEITEM:Sword (Short)	NAME:Masterwork Sword (Short)	EQMOD:STEEL.MWORKW
BASEITEM:Horse (Light)	NAME:Mule (Light)	SPROP:The horse is the best all-around work animal and mount in common use. A horse (other than a pony) is suitable as a mount for a human, dwarf, elf, half-elf, or half-orc. A pony is smaller than a horse and is a suitable mount for a gnome or halfling. (See the Monster Manual for more information on horses and ponies.) Warhorses and warponies can be ridden easily into combat. Light horses, ponies, and heavy horses are hard to control in combat (see Mounted Combat, page 157, and the Ride skill, page 80)., (Horse (Light))
BASEITEM:Scroll (Rope Trick)	NAME:Rune (Rope Trick)
BASEITEM:Scimitar	NAME:Scimitar +1	EQMOD:STEEL.PLUS1W
BASEITEM:Coin (Platinum)	NAME:Special Disc Item Thingy	COSTMOD:-10
BASEITEM:Warmace	NAME:Warmace +1	EQMOD:STEEL.Masterwork (Weapon).PLUS1W
